[28-Mar-2018 15:03:13 UTC] PHP Notice:  Undefined index: submit in /home/ubuntu/workspace/Midterm/Program1/program1.php on line 4
[28-Mar-2018 15:03:13 UTC] PHP Notice:  Undefined index: customer_session in /home/ubuntu/workspace/Midterm/Program1/program1.php on line 16
[28-Mar-2018 15:03:34 UTC] PHP Notice:  Undefined index: submit in /home/ubuntu/workspace/Midterm/Program1/program1.php on line 4
[28-Mar-2018 15:03:34 UTC] PHP Notice:  Undefined index: customer_session in /home/ubuntu/workspace/Midterm/Program1/program1.php on line 16
[28-Mar-2018 15:05:09 UTC] PHP Notice:  Undefined index: submit in /home/ubuntu/workspace/Midterm/Program1/program1.php on line 4
[28-Mar-2018 15:05:09 UTC] PHP Notice:  Undefined index: customer_session in /home/ubuntu/workspace/Midterm/Program1/program1.php on line 16
[28-Mar-2018 15:05:17 UTC] PHP Notice:  Undefined index: submit in /home/ubuntu/workspace/Midterm/Program1/program1.php on line 4
[28-Mar-2018 15:05:17 UTC] PHP Notice:  Undefined index: customer_session in /home/ubuntu/workspace/Midterm/Program1/program1.php on line 16
[28-Mar-2018 15:06:38 UTC] PHP Notice:  Undefined index: submit in /home/ubuntu/workspace/Midterm/Program1/program1.php on line 4
[28-Mar-2018 15:06:38 UTC] PHP Notice:  Undefined index: customer_session in /home/ubuntu/workspace/Midterm/Program1/program1.php on line 14
[28-Mar-2018 15:06:39 UTC] PHP Notice:  Undefined index: submit in /home/ubuntu/workspace/Midterm/Program1/program1.php on line 4
[28-Mar-2018 15:06:39 UTC] PHP Notice:  Undefined index: customer_session in /home/ubuntu/workspace/Midterm/Program1/program1.php on line 14
[28-Mar-2018 15:06:41 UTC] PHP Notice:  Undefined index: submit in /home/ubuntu/workspace/Midterm/Program1/program1.php on line 4
[28-Mar-2018 15:06:41 UTC] PHP Notice:  Undefined index: customer_session in /home/ubuntu/workspace/Midterm/Program1/program1.php on line 14
[28-Mar-2018 15:06:41 UTC] PHP Notice:  Undefined index: submit in /home/ubuntu/workspace/Midterm/Program1/program1.php on line 4
[28-Mar-2018 15:06:41 UTC] PHP Notice:  Undefined index: customer_session in /home/ubuntu/workspace/Midterm/Program1/program1.php on line 14
[28-Mar-2018 15:06:42 UTC] PHP Notice:  Undefined index: submit in /home/ubuntu/workspace/Midterm/Program1/program1.php on line 4
[28-Mar-2018 15:06:42 UTC] PHP Notice:  Undefined index: customer_session in /home/ubuntu/workspace/Midterm/Program1/program1.php on line 14
[28-Mar-2018 15:06:42 UTC] PHP Notice:  Undefined index: submit in /home/ubuntu/workspace/Midterm/Program1/program1.php on line 4
[28-Mar-2018 15:06:42 UTC] PHP Notice:  Undefined index: customer_session in /home/ubuntu/workspace/Midterm/Program1/program1.php on line 14
[28-Mar-2018 15:06:42 UTC] PHP Notice:  Undefined index: submit in /home/ubuntu/workspace/Midterm/Program1/program1.php on line 4
[28-Mar-2018 15:06:42 UTC] PHP Notice:  Undefined index: customer_session in /home/ubuntu/workspace/Midterm/Program1/program1.php on line 14
[28-Mar-2018 15:06:43 UTC] PHP Notice:  Undefined index: submit in /home/ubuntu/workspace/Midterm/Program1/program1.php on line 4
[28-Mar-2018 15:06:43 UTC] PHP Notice:  Undefined index: customer_session in /home/ubuntu/workspace/Midterm/Program1/program1.php on line 14
[28-Mar-2018 15:07:19 UTC] PHP Notice:  Undefined index: submit in /home/ubuntu/workspace/Midterm/Program1/program1.php on line 4
[28-Mar-2018 15:07:19 UTC] PHP Notice:  Undefined index: customer_session in /home/ubuntu/workspace/Midterm/Program1/program1.php on line 14
[28-Mar-2018 15:07:21 UTC] PHP Notice:  Undefined index: submit in /home/ubuntu/workspace/Midterm/Program1/program1.php on line 4
[28-Mar-2018 15:07:21 UTC] PHP Notice:  Undefined index: customer_session in /home/ubuntu/workspace/Midterm/Program1/program1.php on line 14
[28-Mar-2018 15:07:22 UTC] PHP Notice:  Undefined index: submit in /home/ubuntu/workspace/Midterm/Program1/program1.php on line 4
[28-Mar-2018 15:07:22 UTC] PHP Notice:  Undefined index: customer_session in /home/ubuntu/workspace/Midterm/Program1/program1.php on line 14
[28-Mar-2018 15:07:22 UTC] PHP Notice:  Undefined index: submit in /home/ubuntu/workspace/Midterm/Program1/program1.php on line 4
[28-Mar-2018 15:07:22 UTC] PHP Notice:  Undefined index: customer_session in /home/ubuntu/workspace/Midterm/Program1/program1.php on line 14
[28-Mar-2018 15:07:22 UTC] PHP Notice:  Undefined index: submit in /home/ubuntu/workspace/Midterm/Program1/program1.php on line 4
[28-Mar-2018 15:07:22 UTC] PHP Notice:  Undefined index: customer_session in /home/ubuntu/workspace/Midterm/Program1/program1.php on line 14
[28-Mar-2018 15:07:22 UTC] PHP Notice:  Undefined index: submit in /home/ubuntu/workspace/Midterm/Program1/program1.php on line 4
[28-Mar-2018 15:07:22 UTC] PHP Notice:  Undefined index: customer_session in /home/ubuntu/workspace/Midterm/Program1/program1.php on line 14
[28-Mar-2018 15:07:22 UTC] PHP Notice:  Undefined index: submit in /home/ubuntu/workspace/Midterm/Program1/program1.php on line 4
[28-Mar-2018 15:07:22 UTC] PHP Notice:  Undefined index: customer_session in /home/ubuntu/workspace/Midterm/Program1/program1.php on line 14
[28-Mar-2018 15:07:23 UTC] PHP Notice:  Undefined index: submit in /home/ubuntu/workspace/Midterm/Program1/program1.php on line 4
[28-Mar-2018 15:07:23 UTC] PHP Notice:  Undefined index: customer_session in /home/ubuntu/workspace/Midterm/Program1/program1.php on line 14
[28-Mar-2018 15:07:23 UTC] PHP Notice:  Undefined index: submit in /home/ubuntu/workspace/Midterm/Program1/program1.php on line 4
[28-Mar-2018 15:07:23 UTC] PHP Notice:  Undefined index: customer_session in /home/ubuntu/workspace/Midterm/Program1/program1.php on line 14
[28-Mar-2018 15:07:23 UTC] PHP Notice:  Undefined index: submit in /home/ubuntu/workspace/Midterm/Program1/program1.php on line 4
[28-Mar-2018 15:07:23 UTC] PHP Notice:  Undefined index: customer_session in /home/ubuntu/workspace/Midterm/Program1/program1.php on line 14
[28-Mar-2018 15:07:23 UTC] PHP Notice:  Undefined index: submit in /home/ubuntu/workspace/Midterm/Program1/program1.php on line 4
[28-Mar-2018 15:07:23 UTC] PHP Notice:  Undefined index: customer_session in /home/ubuntu/workspace/Midterm/Program1/program1.php on line 14
[28-Mar-2018 15:09:47 UTC] PHP Notice:  Undefined index: submit in /home/ubuntu/workspace/Midterm/Program1/program1.php on line 4
[28-Mar-2018 15:09:47 UTC] PHP Notice:  Undefined index: rows_session in /home/ubuntu/workspace/Midterm/Program1/program1.php on line 14
[28-Mar-2018 15:09:53 UTC] PHP Notice:  Undefined index: submit in /home/ubuntu/workspace/Midterm/Program1/program1.php on line 4
[28-Mar-2018 15:09:53 UTC] PHP Notice:  Undefined index: rows_session in /home/ubuntu/workspace/Midterm/Program1/program1.php on line 14
[28-Mar-2018 15:12:09 UTC] PHP Notice:  Undefined variable: cols in /home/ubuntu/workspace/Midterm/Program1/program1.php on line 14
[28-Mar-2018 15:12:10 UTC] PHP Notice:  Undefined variable: cols in /home/ubuntu/workspace/Midterm/Program1/program1.php on line 14
[28-Mar-2018 15:12:19 UTC] PHP Notice:  Undefined variable: cols in /home/ubuntu/workspace/Midterm/Program1/program1.php on line 14
[28-Mar-2018 15:12:24 UTC] PHP Notice:  Undefined variable: cols in /home/ubuntu/workspace/Midterm/Program1/program1.php on line 14
[28-Mar-2018 15:27:26 UTC] PHP Notice:  Undefined variable: cols in /home/ubuntu/workspace/Midterm/Program1/program1.php on line 105
[28-Mar-2018 15:27:26 UTC] PHP Notice:  Undefined variable: cols in /home/ubuntu/workspace/Midterm/Program1/program1.php on line 105
[28-Mar-2018 15:35:28 UTC] PHP Notice:  Undefined variable: card in /home/ubuntu/workspace/Midterm/Program1/program1.php on line 82
[28-Mar-2018 15:35:31 UTC] PHP Notice:  Undefined variable: card in /home/ubuntu/workspace/Midterm/Program1/program1.php on line 82
[28-Mar-2018 15:35:42 UTC] PHP Notice:  Undefined variable: card in /home/ubuntu/workspace/Midterm/Program1/program1.php on line 82
[28-Mar-2018 15:36:16 UTC] PHP Notice:  Array to string conversion in /home/ubuntu/workspace/Midterm/Program1/program1.php on line 81
[28-Mar-2018 15:36:17 UTC] PHP Notice:  Array to string conversion in /home/ubuntu/workspace/Midterm/Program1/program1.php on line 81
[28-Mar-2018 15:36:18 UTC] PHP Notice:  Array to string conversion in /home/ubuntu/workspace/Midterm/Program1/program1.php on line 81
[28-Mar-2018 15:36:18 UTC] PHP Notice:  Array to string conversion in /home/ubuntu/workspace/Midterm/Program1/program1.php on line 81
[28-Mar-2018 15:36:19 UTC] PHP Notice:  Array to string conversion in /home/ubuntu/workspace/Midterm/Program1/program1.php on line 81
[28-Mar-2018 15:36:19 UTC] PHP Notice:  Array to string conversion in /home/ubuntu/workspace/Midterm/Program1/program1.php on line 81
[28-Mar-2018 15:36:19 UTC] PHP Notice:  Array to string conversion in /home/ubuntu/workspace/Midterm/Program1/program1.php on line 81
[28-Mar-2018 15:42:29 UTC] PHP Warning:  shuffle() expects parameter 1 to be array, null given in /home/ubuntu/workspace/Midterm/Program1/program1.php on line 68
[28-Mar-2018 15:42:29 UTC] PHP Notice:  Array to string conversion in /home/ubuntu/workspace/Midterm/Program1/program1.php on line 75
[28-Mar-2018 15:42:33 UTC] PHP Warning:  shuffle() expects parameter 1 to be array, null given in /home/ubuntu/workspace/Midterm/Program1/program1.php on line 68
[28-Mar-2018 15:42:33 UTC] PHP Notice:  Array to string conversion in /home/ubuntu/workspace/Midterm/Program1/program1.php on line 75
[28-Mar-2018 15:42:33 UTC] PHP Warning:  shuffle() expects parameter 1 to be array, null given in /home/ubuntu/workspace/Midterm/Program1/program1.php on line 68
[28-Mar-2018 15:42:33 UTC] PHP Notice:  Array to string conversion in /home/ubuntu/workspace/Midterm/Program1/program1.php on line 75
[28-Mar-2018 15:42:34 UTC] PHP Warning:  shuffle() expects parameter 1 to be array, null given in /home/ubuntu/workspace/Midterm/Program1/program1.php on line 68
[28-Mar-2018 15:42:34 UTC] PHP Notice:  Array to string conversion in /home/ubuntu/workspace/Midterm/Program1/program1.php on line 75
[28-Mar-2018 15:42:34 UTC] PHP Warning:  shuffle() expects parameter 1 to be array, null given in /home/ubuntu/workspace/Midterm/Program1/program1.php on line 68
[28-Mar-2018 15:42:34 UTC] PHP Notice:  Array to string conversion in /home/ubuntu/workspace/Midterm/Program1/program1.php on line 75
[28-Mar-2018 15:42:34 UTC] PHP Warning:  shuffle() expects parameter 1 to be array, null given in /home/ubuntu/workspace/Midterm/Program1/program1.php on line 68
[28-Mar-2018 15:42:34 UTC] PHP Notice:  Array to string conversion in /home/ubuntu/workspace/Midterm/Program1/program1.php on line 75
[28-Mar-2018 15:42:34 UTC] PHP Warning:  shuffle() expects parameter 1 to be array, null given in /home/ubuntu/workspace/Midterm/Program1/program1.php on line 68
[28-Mar-2018 15:42:34 UTC] PHP Notice:  Array to string conversion in /home/ubuntu/workspace/Midterm/Program1/program1.php on line 75
[28-Mar-2018 15:42:34 UTC] PHP Warning:  shuffle() expects parameter 1 to be array, null given in /home/ubuntu/workspace/Midterm/Program1/program1.php on line 68
[28-Mar-2018 15:42:34 UTC] PHP Notice:  Array to string conversion in /home/ubuntu/workspace/Midterm/Program1/program1.php on line 75
[28-Mar-2018 15:42:34 UTC] PHP Warning:  shuffle() expects parameter 1 to be array, null given in /home/ubuntu/workspace/Midterm/Program1/program1.php on line 68
[28-Mar-2018 15:42:34 UTC] PHP Notice:  Array to string conversion in /home/ubuntu/workspace/Midterm/Program1/program1.php on line 75
[28-Mar-2018 15:42:35 UTC] PHP Warning:  shuffle() expects parameter 1 to be array, null given in /home/ubuntu/workspace/Midterm/Program1/program1.php on line 68
[28-Mar-2018 15:42:35 UTC] PHP Notice:  Array to string conversion in /home/ubuntu/workspace/Midterm/Program1/program1.php on line 75
[28-Mar-2018 15:42:35 UTC] PHP Warning:  shuffle() expects parameter 1 to be array, null given in /home/ubuntu/workspace/Midterm/Program1/program1.php on line 68
[28-Mar-2018 15:42:35 UTC] PHP Notice:  Array to string conversion in /home/ubuntu/workspace/Midterm/Program1/program1.php on line 75
[28-Mar-2018 15:42:35 UTC] PHP Warning:  shuffle() expects parameter 1 to be array, null given in /home/ubuntu/workspace/Midterm/Program1/program1.php on line 68
[28-Mar-2018 15:42:35 UTC] PHP Notice:  Array to string conversion in /home/ubuntu/workspace/Midterm/Program1/program1.php on line 75
[28-Mar-2018 15:42:35 UTC] PHP Warning:  shuffle() expects parameter 1 to be array, null given in /home/ubuntu/workspace/Midterm/Program1/program1.php on line 68
[28-Mar-2018 15:42:35 UTC] PHP Notice:  Array to string conversion in /home/ubuntu/workspace/Midterm/Program1/program1.php on line 75
[28-Mar-2018 15:42:35 UTC] PHP Warning:  shuffle() expects parameter 1 to be array, null given in /home/ubuntu/workspace/Midterm/Program1/program1.php on line 68
[28-Mar-2018 15:42:35 UTC] PHP Notice:  Array to string conversion in /home/ubuntu/workspace/Midterm/Program1/program1.php on line 75
[28-Mar-2018 15:43:26 UTC] PHP Warning:  shuffle() expects parameter 1 to be array, null given in /home/ubuntu/workspace/Midterm/Program1/program1.php on line 68
[28-Mar-2018 15:54:51 UTC] PHP Notice:  Undefined variable: cars in /home/ubuntu/workspace/Midterm/Program1/program1.php on line 71
[28-Mar-2018 15:54:51 UTC] PHP Notice:  Undefined variable: cars in /home/ubuntu/workspace/Midterm/Program1/program1.php on line 74
[28-Mar-2018 15:54:51 UTC] PHP Notice:  Undefined variable: cars in /home/ubuntu/workspace/Midterm/Program1/program1.php on line 76
[28-Mar-2018 15:54:51 UTC] PHP Notice:  Undefined variable: cars in /home/ubuntu/workspace/Midterm/Program1/program1.php on line 78
[28-Mar-2018 15:54:51 UTC] PHP Notice:  Undefined variable: cars in /home/ubuntu/workspace/Midterm/Program1/program1.php on line 71
[28-Mar-2018 15:54:51 UTC] PHP Notice:  Undefined variable: cars in /home/ubuntu/workspace/Midterm/Program1/program1.php on line 74
[28-Mar-2018 15:54:51 UTC] PHP Notice:  Undefined variable: cars in /home/ubuntu/workspace/Midterm/Program1/program1.php on line 71
[28-Mar-2018 15:54:51 UTC] PHP Notice:  Undefined variable: cars in /home/ubuntu/workspace/Midterm/Program1/program1.php on line 74
[28-Mar-2018 15:54:51 UTC] PHP Notice:  Undefined variable: cars in /home/ubuntu/workspace/Midterm/Program1/program1.php on line 76
[28-Mar-2018 15:54:51 UTC] PHP Notice:  Undefined variable: cars in /home/ubuntu/workspace/Midterm/Program1/program1.php on line 71
[28-Mar-2018 15:54:51 UTC] PHP Notice:  Undefined variable: cars in /home/ubuntu/workspace/Midterm/Program1/program1.php on line 74
[28-Mar-2018 15:54:51 UTC] PHP Notice:  Undefined variable: cars in /home/ubuntu/workspace/Midterm/Program1/program1.php on line 76
[28-Mar-2018 15:54:51 UTC] PHP Notice:  Undefined variable: cars in /home/ubuntu/workspace/Midterm/Program1/program1.php on line 78
[28-Mar-2018 15:54:51 UTC] PHP Notice:  Undefined variable: cars in /home/ubuntu/workspace/Midterm/Program1/program1.php on line 71
[28-Mar-2018 15:54:51 UTC] PHP Notice:  Undefined variable: cars in /home/ubuntu/workspace/Midterm/Program1/program1.php on line 71
[28-Mar-2018 15:54:51 UTC] PHP Notice:  Undefined variable: cars in /home/ubuntu/workspace/Midterm/Program1/program1.php on line 74
[28-Mar-2018 15:54:51 UTC] PHP Notice:  Undefined variable: cars in /home/ubuntu/workspace/Midterm/Program1/program1.php on line 76
[28-Mar-2018 15:54:51 UTC] PHP Notice:  Undefined variable: cars in /home/ubuntu/workspace/Midterm/Program1/program1.php on line 71
[28-Mar-2018 15:54:51 UTC] PHP Notice:  Undefined variable: cars in /home/ubuntu/workspace/Midterm/Program1/program1.php on line 74
[28-Mar-2018 15:54:51 UTC] PHP Notice:  Undefined variable: cars in /home/ubuntu/workspace/Midterm/Program1/program1.php on line 76
[28-Mar-2018 15:54:51 UTC] PHP Notice:  Undefined variable: cars in /home/ubuntu/workspace/Midterm/Program1/program1.php on line 71
[28-Mar-2018 15:54:51 UTC] PHP Notice:  Undefined variable: cars in /home/ubuntu/workspace/Midterm/Program1/program1.php on line 74
[28-Mar-2018 15:54:51 UTC] PHP Notice:  Undefined variable: cars in /home/ubuntu/workspace/Midterm/Program1/program1.php on line 76
[28-Mar-2018 15:54:51 UTC] PHP Notice:  Undefined variable: cars in /home/ubuntu/workspace/Midterm/Program1/program1.php on line 78
[28-Mar-2018 15:54:51 UTC] PHP Notice:  Undefined variable: cars in /home/ubuntu/workspace/Midterm/Program1/program1.php on line 71
[28-Mar-2018 15:54:51 UTC] PHP Notice:  Undefined variable: cars in /home/ubuntu/workspace/Midterm/Program1/program1.php on line 74
[28-Mar-2018 15:54:51 UTC] PHP Notice:  Undefined variable: cars in /home/ubuntu/workspace/Midterm/Program1/program1.php on line 76
[28-Mar-2018 15:54:51 UTC] PHP Notice:  Undefined variable: cars in /home/ubuntu/workspace/Midterm/Program1/program1.php on line 78
[28-Mar-2018 15:54:51 UTC] PHP Notice:  Undefined variable: cars in /home/ubuntu/workspace/Midterm/Program1/program1.php on line 71
[28-Mar-2018 15:54:51 UTC] PHP Notice:  Undefined variable: cars in /home/ubuntu/workspace/Midterm/Program1/program1.php on line 74
[28-Mar-2018 15:54:51 UTC] PHP Notice:  Undefined variable: cars in /home/ubuntu/workspace/Midterm/Program1/program1.php on line 76
[28-Mar-2018 15:54:51 UTC] PHP Notice:  Undefined variable: cars in /home/ubuntu/workspace/Midterm/Program1/program1.php on line 71
[28-Mar-2018 15:54:51 UTC] PHP Notice:  Undefined variable: cars in /home/ubuntu/workspace/Midterm/Program1/program1.php on line 74
[28-Mar-2018 15:55:53 UTC] PHP Notice:  Undefined variable: cars in /home/ubuntu/workspace/Midterm/Program1/program1.php on line 71
[28-Mar-2018 15:55:53 UTC] PHP Notice:  Undefined variable: cars in /home/ubuntu/workspace/Midterm/Program1/program1.php on line 75
[28-Mar-2018 15:55:53 UTC] PHP Notice:  Undefined variable: cars in /home/ubuntu/workspace/Midterm/Program1/program1.php on line 79
[28-Mar-2018 15:55:53 UTC] PHP Notice:  Undefined variable: cars in /home/ubuntu/workspace/Midterm/Program1/program1.php on line 83
[28-Mar-2018 15:55:53 UTC] PHP Notice:  Undefined variable: cars in /home/ubuntu/workspace/Midterm/Program1/program1.php on line 71
[28-Mar-2018 15:55:53 UTC] PHP Notice:  Undefined variable: cars in /home/ubuntu/workspace/Midterm/Program1/program1.php on line 75
[28-Mar-2018 15:55:53 UTC] PHP Notice:  Undefined variable: cars in /home/ubuntu/workspace/Midterm/Program1/program1.php on line 79
[28-Mar-2018 15:55:53 UTC] PHP Notice:  Undefined variable: cars in /home/ubuntu/workspace/Midterm/Program1/program1.php on line 71
[28-Mar-2018 15:55:53 UTC] PHP Notice:  Undefined variable: cars in /home/ubuntu/workspace/Midterm/Program1/program1.php on line 75
[28-Mar-2018 15:55:53 UTC] PHP Notice:  Undefined variable: cars in /home/ubuntu/workspace/Midterm/Program1/program1.php on line 79
[28-Mar-2018 15:55:53 UTC] PHP Notice:  Undefined variable: cars in /home/ubuntu/workspace/Midterm/Program1/program1.php on line 71
[28-Mar-2018 15:55:53 UTC] PHP Notice:  Undefined variable: cars in /home/ubuntu/workspace/Midterm/Program1/program1.php on line 71
[28-Mar-2018 15:55:53 UTC] PHP Notice:  Undefined variable: cars in /home/ubuntu/workspace/Midterm/Program1/program1.php on line 75
[28-Mar-2018 15:55:53 UTC] PHP Notice:  Undefined variable: cars in /home/ubuntu/workspace/Midterm/Program1/program1.php on line 71
[28-Mar-2018 15:55:53 UTC] PHP Notice:  Undefined variable: cars in /home/ubuntu/workspace/Midterm/Program1/program1.php on line 75
[28-Mar-2018 15:55:53 UTC] PHP Notice:  Undefined variable: cars in /home/ubuntu/workspace/Midterm/Program1/program1.php on line 71
[28-Mar-2018 15:55:53 UTC] PHP Notice:  Undefined variable: cars in /home/ubuntu/workspace/Midterm/Program1/program1.php on line 75
[28-Mar-2018 15:55:53 UTC] PHP Notice:  Undefined variable: cars in /home/ubuntu/workspace/Midterm/Program1/program1.php on line 79
[28-Mar-2018 15:55:53 UTC] PHP Notice:  Undefined variable: cars in /home/ubuntu/workspace/Midterm/Program1/program1.php on line 83
[28-Mar-2018 15:55:53 UTC] PHP Notice:  Undefined variable: cars in /home/ubuntu/workspace/Midterm/Program1/program1.php on line 71
[28-Mar-2018 15:55:53 UTC] PHP Notice:  Undefined variable: cars in /home/ubuntu/workspace/Midterm/Program1/program1.php on line 75
[28-Mar-2018 15:55:53 UTC] PHP Notice:  Undefined variable: cars in /home/ubuntu/workspace/Midterm/Program1/program1.php on line 79
[28-Mar-2018 15:55:53 UTC] PHP Notice:  Undefined variable: cars in /home/ubuntu/workspace/Midterm/Program1/program1.php on line 83
[28-Mar-2018 15:55:53 UTC] PHP Notice:  Undefined variable: cars in /home/ubuntu/workspace/Midterm/Program1/program1.php on line 71
[28-Mar-2018 15:55:53 UTC] PHP Notice:  Undefined variable: cars in /home/ubuntu/workspace/Midterm/Program1/program1.php on line 71
[28-Mar-2018 15:55:53 UTC] PHP Notice:  Undefined variable: cars in /home/ubuntu/workspace/Midterm/Program1/program1.php on line 75
[28-Mar-2018 15:55:53 UTC] PHP Notice:  Undefined variable: cars in /home/ubuntu/workspace/Midterm/Program1/program1.php on line 79
[28-Mar-2018 15:55:53 UTC] PHP Notice:  Undefined variable: cars in /home/ubuntu/workspace/Midterm/Program1/program1.php on line 83
[28-Mar-2018 15:55:53 UTC] PHP Notice:  Undefined variable: cars in /home/ubuntu/workspace/Midterm/Program1/program1.php on line 71
[28-Mar-2018 15:55:53 UTC] PHP Notice:  Undefined variable: cars in /home/ubuntu/workspace/Midterm/Program1/program1.php on line 75
[28-Mar-2018 15:55:53 UTC] PHP Notice:  Undefined variable: cars in /home/ubuntu/workspace/Midterm/Program1/program1.php on line 79
[28-Mar-2018 15:58:11 UTC] PHP Notice:  Undefined variable: cardsLength in /home/ubuntu/workspace/Midterm/Program1/program1.php on line 67
[28-Mar-2018 15:58:11 UTC] PHP Notice:  Undefined offset: 2 in /home/ubuntu/workspace/Midterm/Program1/program1.php on line 71
[28-Mar-2018 15:58:11 UTC] PHP Notice:  Undefined offset: 2 in /home/ubuntu/workspace/Midterm/Program1/program1.php on line 75
[28-Mar-2018 15:58:11 UTC] PHP Notice:  Undefined offset: 2 in /home/ubuntu/workspace/Midterm/Program1/program1.php on line 79
[28-Mar-2018 15:58:11 UTC] PHP Notice:  Undefined offset: 2 in /home/ubuntu/workspace/Midterm/Program1/program1.php on line 83
[28-Mar-2018 15:58:11 UTC] PHP Notice:  Undefined offset: 3 in /home/ubuntu/workspace/Midterm/Program1/program1.php on line 71
[28-Mar-2018 15:58:11 UTC] PHP Notice:  Undefined offset: 3 in /home/ubuntu/workspace/Midterm/Program1/program1.php on line 75
[28-Mar-2018 15:58:11 UTC] PHP Notice:  Undefined offset: 3 in /home/ubuntu/workspace/Midterm/Program1/program1.php on line 79
[28-Mar-2018 15:58:11 UTC] PHP Notice:  Undefined offset: 3 in /home/ubuntu/workspace/Midterm/Program1/program1.php on line 83
[28-Mar-2018 15:58:55 UTC] PHP Notice:  Undefined variable: cardsLength in /home/ubuntu/workspace/Midterm/Program1/program1.php on line 67
[28-Mar-2018 15:58:55 UTC] PHP Notice:  Undefined offset: 2 in /home/ubuntu/workspace/Midterm/Program1/program1.php on line 71
[28-Mar-2018 15:58:55 UTC] PHP Notice:  Undefined offset: 2 in /home/ubuntu/workspace/Midterm/Program1/program1.php on line 75
[28-Mar-2018 15:58:55 UTC] PHP Notice:  Undefined offset: 2 in /home/ubuntu/workspace/Midterm/Program1/program1.php on line 79
[28-Mar-2018 15:58:55 UTC] PHP Notice:  Undefined offset: 2 in /home/ubuntu/workspace/Midterm/Program1/program1.php on line 83
[28-Mar-2018 15:58:55 UTC] PHP Notice:  Undefined offset: 3 in /home/ubuntu/workspace/Midterm/Program1/program1.php on line 71
[28-Mar-2018 15:58:55 UTC] PHP Notice:  Undefined offset: 3 in /home/ubuntu/workspace/Midterm/Program1/program1.php on line 75
[28-Mar-2018 15:58:55 UTC] PHP Notice:  Undefined offset: 3 in /home/ubuntu/workspace/Midterm/Program1/program1.php on line 79
[28-Mar-2018 15:58:55 UTC] PHP Notice:  Undefined offset: 3 in /home/ubuntu/workspace/Midterm/Program1/program1.php on line 83
[28-Mar-2018 15:58:55 UTC] PHP Notice:  Undefined offset: 4 in /home/ubuntu/workspace/Midterm/Program1/program1.php on line 71
[28-Mar-2018 15:58:55 UTC] PHP Notice:  Undefined offset: 4 in /home/ubuntu/workspace/Midterm/Program1/program1.php on line 75
[28-Mar-2018 15:58:55 UTC] PHP Notice:  Undefined offset: 4 in /home/ubuntu/workspace/Midterm/Program1/program1.php on line 79
[28-Mar-2018 15:58:55 UTC] PHP Notice:  Undefined offset: 4 in /home/ubuntu/workspace/Midterm/Program1/program1.php on line 83
[28-Mar-2018 15:58:55 UTC] PHP Notice:  Undefined offset: 5 in /home/ubuntu/workspace/Midterm/Program1/program1.php on line 71
[28-Mar-2018 15:58:55 UTC] PHP Notice:  Undefined offset: 5 in /home/ubuntu/workspace/Midterm/Program1/program1.php on line 75
[28-Mar-2018 15:58:55 UTC] PHP Notice:  Undefined offset: 5 in /home/ubuntu/workspace/Midterm/Program1/program1.php on line 79
[28-Mar-2018 15:58:55 UTC] PHP Notice:  Undefined offset: 5 in /home/ubuntu/workspace/Midterm/Program1/program1.php on line 83
[28-Mar-2018 15:58:55 UTC] PHP Notice:  Undefined offset: 6 in /home/ubuntu/workspace/Midterm/Program1/program1.php on line 71
[28-Mar-2018 15:58:55 UTC] PHP Notice:  Undefined offset: 6 in /home/ubuntu/workspace/Midterm/Program1/program1.php on line 75
[28-Mar-2018 15:58:55 UTC] PHP Notice:  Undefined offset: 6 in /home/ubuntu/workspace/Midterm/Program1/program1.php on line 79
[28-Mar-2018 15:58:55 UTC] PHP Notice:  Undefined offset: 6 in /home/ubuntu/workspace/Midterm/Program1/program1.php on line 83
[28-Mar-2018 15:58:55 UTC] PHP Notice:  Undefined offset: 7 in /home/ubuntu/workspace/Midterm/Program1/program1.php on line 71
[28-Mar-2018 15:58:55 UTC] PHP Notice:  Undefined offset: 7 in /home/ubuntu/workspace/Midterm/Program1/program1.php on line 75
[28-Mar-2018 15:58:55 UTC] PHP Notice:  Undefined offset: 7 in /home/ubuntu/workspace/Midterm/Program1/program1.php on line 79
[28-Mar-2018 15:58:55 UTC] PHP Notice:  Undefined offset: 7 in /home/ubuntu/workspace/Midterm/Program1/program1.php on line 83
[28-Mar-2018 15:58:55 UTC] PHP Notice:  Undefined offset: 8 in /home/ubuntu/workspace/Midterm/Program1/program1.php on line 71
[28-Mar-2018 15:58:55 UTC] PHP Notice:  Undefined offset: 8 in /home/ubuntu/workspace/Midterm/Program1/program1.php on line 75
[28-Mar-2018 15:58:55 UTC] PHP Notice:  Undefined offset: 8 in /home/ubuntu/workspace/Midterm/Program1/program1.php on line 79
[28-Mar-2018 15:58:55 UTC] PHP Notice:  Undefined offset: 8 in /home/ubuntu/workspace/Midterm/Program1/program1.php on line 83
[28-Mar-2018 16:08:48 UTC] PHP Parse error:  syntax error, unexpected end of file in /home/ubuntu/workspace/Midterm/Program1/program1.php on line 147
[28-Mar-2018 16:10:14 UTC] PHP Parse error:  syntax error, unexpected end of file in /home/ubuntu/workspace/Midterm/Program1/program1.php on line 147
[28-Mar-2018 16:10:59 UTC] PHP Notice:  Undefined variable: rows in /home/ubuntu/workspace/Midterm/Program1/program1.php on line 9
[28-Mar-2018 16:10:59 UTC] PHP Notice:  Undefined variable: columns in /home/ubuntu/workspace/Midterm/Program1/program1.php on line 10
[28-Mar-2018 16:10:59 UTC] PHP Notice:  Undefined variable: rows in /home/ubuntu/workspace/Midterm/Program1/program1.php on line 50
[28-Mar-2018 16:10:59 UTC] PHP Notice:  Undefined variable: columns in /home/ubuntu/workspace/Midterm/Program1/program1.php on line 51
[28-Mar-2018 16:10:59 UTC] PHP Notice:  Undefined variable: columns in /home/ubuntu/workspace/Midterm/Program1/program1.php on line 66
[28-Mar-2018 16:10:59 UTC] PHP Notice:  Undefined variable: rows in /home/ubuntu/workspace/Midterm/Program1/program1.php on line 66
[28-Mar-2018 16:10:59 UTC] PHP Notice:  Undefined variable: rows in /home/ubuntu/workspace/Midterm/Program1/program1.php on line 96
[28-Mar-2018 16:13:36 UTC] PHP Notice:  Undefined variable: rows in /home/ubuntu/workspace/Midterm/Program1/program1.php on line 9
[28-Mar-2018 16:13:36 UTC] PHP Notice:  Undefined variable: columns in /home/ubuntu/workspace/Midterm/Program1/program1.php on line 10
[28-Mar-2018 16:13:36 UTC] PHP Notice:  Undefined variable: rows in /home/ubuntu/workspace/Midterm/Program1/program1.php on line 50
[28-Mar-2018 16:13:36 UTC] PHP Notice:  Undefined variable: columns in /home/ubuntu/workspace/Midterm/Program1/program1.php on line 51
[28-Mar-2018 16:13:36 UTC] PHP Notice:  Undefined variable: columns in /home/ubuntu/workspace/Midterm/Program1/program1.php on line 66
[28-Mar-2018 16:13:36 UTC] PHP Notice:  Undefined variable: rows in /home/ubuntu/workspace/Midterm/Program1/program1.php on line 66
[28-Mar-2018 16:13:36 UTC] PHP Notice:  Undefined variable: rows in /home/ubuntu/workspace/Midterm/Program1/program1.php on line 96
[28-Mar-2018 16:18:37 UTC] PHP Notice:  Undefined variable: rows in /home/ubuntu/workspace/Midterm/Program1/program1.php on line 9
[28-Mar-2018 16:18:37 UTC] PHP Notice:  Undefined variable: columns in /home/ubuntu/workspace/Midterm/Program1/program1.php on line 10
[28-Mar-2018 16:18:37 UTC] PHP Notice:  Undefined variable: rows in /home/ubuntu/workspace/Midterm/Program1/program1.php on line 50
[28-Mar-2018 16:18:37 UTC] PHP Notice:  Undefined variable: columns in /home/ubuntu/workspace/Midterm/Program1/program1.php on line 51
[28-Mar-2018 16:18:37 UTC] PHP Notice:  Undefined variable: columns in /home/ubuntu/workspace/Midterm/Program1/program1.php on line 66
[28-Mar-2018 16:18:37 UTC] PHP Notice:  Undefined variable: rows in /home/ubuntu/workspace/Midterm/Program1/program1.php on line 66
[28-Mar-2018 16:18:37 UTC] PHP Notice:  Undefined variable: rows in /home/ubuntu/workspace/Midterm/Program1/program1.php on line 96
[28-Mar-2018 16:22:30 UTC] PHP Notice:  Undefined variable: rows in /home/ubuntu/workspace/Midterm/Program1/program1.php on line 9
[28-Mar-2018 16:22:30 UTC] PHP Notice:  Undefined variable: columns in /home/ubuntu/workspace/Midterm/Program1/program1.php on line 10
[28-Mar-2018 16:22:30 UTC] PHP Notice:  Undefined variable: rows in /home/ubuntu/workspace/Midterm/Program1/program1.php on line 50
[28-Mar-2018 16:22:30 UTC] PHP Notice:  Undefined variable: columns in /home/ubuntu/workspace/Midterm/Program1/program1.php on line 51
[28-Mar-2018 16:22:30 UTC] PHP Notice:  Undefined variable: columns in /home/ubuntu/workspace/Midterm/Program1/program1.php on line 66
[28-Mar-2018 16:22:30 UTC] PHP Notice:  Undefined variable: rows in /home/ubuntu/workspace/Midterm/Program1/program1.php on line 66
[28-Mar-2018 16:22:30 UTC] PHP Notice:  Undefined variable: rows in /home/ubuntu/workspace/Midterm/Program1/program1.php on line 96
[28-Mar-2018 16:23:34 UTC] PHP Parse error:  syntax error, unexpected end of file in /home/ubuntu/workspace/Midterm/Program1/program1.php on line 147
[28-Mar-2018 16:24:05 UTC] PHP Parse error:  syntax error, unexpected end of file in /home/ubuntu/workspace/Midterm/Program1/program1.php on line 125
[28-Mar-2018 16:24:24 UTC] PHP Notice:  Undefined variable: rows in /home/ubuntu/workspace/Midterm/Program1/program1.php on line 9
[28-Mar-2018 16:24:24 UTC] PHP Notice:  Undefined variable: columns in /home/ubuntu/workspace/Midterm/Program1/program1.php on line 10
[28-Mar-2018 16:24:24 UTC] PHP Notice:  Undefined variable: rows in /home/ubuntu/workspace/Midterm/Program1/program1.php on line 50
[28-Mar-2018 16:24:24 UTC] PHP Notice:  Undefined variable: columns in /home/ubuntu/workspace/Midterm/Program1/program1.php on line 51
[28-Mar-2018 16:24:24 UTC] PHP Notice:  Undefined variable: columns in /home/ubuntu/workspace/Midterm/Program1/program1.php on line 66
[28-Mar-2018 16:24:24 UTC] PHP Notice:  Undefined variable: rows in /home/ubuntu/workspace/Midterm/Program1/program1.php on line 66
[28-Mar-2018 16:24:24 UTC] PHP Notice:  Undefined variable: rows in /home/ubuntu/workspace/Midterm/Program1/program1.php on line 102
[28-Mar-2018 16:24:37 UTC] PHP Notice:  Undefined variable: rows in /home/ubuntu/workspace/Midterm/Program1/program1.php on line 9
[28-Mar-2018 16:24:37 UTC] PHP Notice:  Undefined variable: columns in /home/ubuntu/workspace/Midterm/Program1/program1.php on line 10
[28-Mar-2018 16:24:37 UTC] PHP Notice:  Undefined variable: rows in /home/ubuntu/workspace/Midterm/Program1/program1.php on line 50
[28-Mar-2018 16:24:37 UTC] PHP Notice:  Undefined variable: columns in /home/ubuntu/workspace/Midterm/Program1/program1.php on line 51
[28-Mar-2018 16:24:37 UTC] PHP Notice:  Undefined variable: columns in /home/ubuntu/workspace/Midterm/Program1/program1.php on line 66
[28-Mar-2018 16:24:37 UTC] PHP Notice:  Undefined variable: rows in /home/ubuntu/workspace/Midterm/Program1/program1.php on line 66
[28-Mar-2018 16:24:37 UTC] PHP Notice:  Undefined variable: rows in /home/ubuntu/workspace/Midterm/Program1/program1.php on line 102
[28-Mar-2018 16:33:08 UTC] PHP Notice:  Undefined variable: arrlength in /home/ubuntu/workspace/Midterm/Program1/program1.php on line 106
[28-Mar-2018 16:33:08 UTC] PHP Notice:  Undefined variable: arrlength in /home/ubuntu/workspace/Midterm/Program1/program1.php on line 106
[28-Mar-2018 16:33:09 UTC] PHP Notice:  Undefined variable: arrlength in /home/ubuntu/workspace/Midterm/Program1/program1.php on line 106
[28-Mar-2018 16:33:09 UTC] PHP Notice:  Undefined variable: arrlength in /home/ubuntu/workspace/Midterm/Program1/program1.php on line 106
[28-Mar-2018 16:33:09 UTC] PHP Notice:  Undefined variable: arrlength in /home/ubuntu/workspace/Midterm/Program1/program1.php on line 106
[28-Mar-2018 16:33:09 UTC] PHP Notice:  Undefined variable: arrlength in /home/ubuntu/workspace/Midterm/Program1/program1.php on line 106
[28-Mar-2018 16:33:09 UTC] PHP Notice:  Undefined variable: arrlength in /home/ubuntu/workspace/Midterm/Program1/program1.php on line 106
[28-Mar-2018 16:33:09 UTC] PHP Notice:  Undefined variable: arrlength in /home/ubuntu/workspace/Midterm/Program1/program1.php on line 106
[28-Mar-2018 16:33:10 UTC] PHP Notice:  Undefined variable: arrlength in /home/ubuntu/workspace/Midterm/Program1/program1.php on line 106
[28-Mar-2018 16:33:10 UTC] PHP Notice:  Undefined variable: arrlength in /home/ubuntu/workspace/Midterm/Program1/program1.php on line 106
[28-Mar-2018 16:33:10 UTC] PHP Notice:  Undefined variable: arrlength in /home/ubuntu/workspace/Midterm/Program1/program1.php on line 106
[28-Mar-2018 16:33:10 UTC] PHP Notice:  Undefined variable: arrlength in /home/ubuntu/workspace/Midterm/Program1/program1.php on line 106
[28-Mar-2018 16:33:17 UTC] PHP Notice:  Undefined variable: arrlength in /home/ubuntu/workspace/Midterm/Program1/program1.php on line 106
[28-Mar-2018 16:33:17 UTC] PHP Notice:  Undefined variable: arrlength in /home/ubuntu/workspace/Midterm/Program1/program1.php on line 106
[28-Mar-2018 16:50:31 UTC] PHP Notice:  Undefined variable: stmt in /home/ubuntu/workspace/Midterm/Program2/program2.php on line 146
[28-Mar-2018 16:50:31 UTC] PHP Fatal error:  Uncaught Error: Call to a member function rowCount() on null in /home/ubuntu/workspace/Midterm/Program2/program2.php:146
Stack trace:
#0 {main}
  thrown in /home/ubuntu/workspace/Midterm/Program2/program2.php on line 146
[28-Mar-2018 16:51:08 UTC] PHP Notice:  Undefined variable: stmt in /home/ubuntu/workspace/Midterm/Program2/program2.php on line 91
[28-Mar-2018 16:51:08 UTC] PHP Fatal error:  Uncaught Error: Call to a member function rowCount() on null in /home/ubuntu/workspace/Midterm/Program2/program2.php:91
Stack trace:
#0 {main}
  thrown in /home/ubuntu/workspace/Midterm/Program2/program2.php on line 91
[28-Mar-2018 16:55:37 UTC] PHP Fatal error:  Uncaught PDOException: SQLSTATE[42000]: Syntax error or access violation: 1064 You have an error in your SQL syntax; check the manual that corresponds to your MySQL server version for the right syntax to use near 'DEC' at line 3 in /home/ubuntu/workspace/Midterm/Program2/program2.php:26
Stack trace:
#0 /home/ubuntu/workspace/Midterm/Program2/program2.php(26): PDOStatement->execute()
#1 {main}
  thrown in /home/ubuntu/workspace/Midterm/Program2/program2.php on line 26
